<?xml version="1.0" encoding="UTF-8"?>
<!-- Generated by org.testng.reporters.JUnitXMLReporter -->
<testsuite hostname="LAPTOP-PE32G410" ignored="0" name="Default test" tests="3" failures="0" timestamp="17 Oct 2019 22:08:31 GMT" time="4.426" errors="0">
  <testcase name="loginAPI_SuccessCodeValidation" time="2.747" classname="com.Upgrade.test.LoginApiTest"/>
  <testcase name="loginAPI_ErrorCodeValidation" time="0.719" classname="com.Upgrade.test.LoginApiTest"/>
  <testcase name="loginAPI_AttributeValidation" time="0.892" classname="com.Upgrade.test.LoginApiTest"/>
</testsuite> <!-- Default test -->
