<?xml version="1.0" encoding="UTF-8"?>
<!-- Generated by org.testng.reporters.JUnitXMLReporter -->
<testsuite hostname="LAPTOP-PE32G410" ignored="10" name="Test" tests="21" failures="0" timestamp="18 Oct 2019 21:41:57 GMT" time="34.483" errors="0">
  <testcase name="TC_01_landingPageurlValidation" time="6.066" classname="com.Upgrade.test.CheckYourRateTest"/>
  <testcase name="TC_02_emptyField_Validation" time="0.439" classname="com.Upgrade.test.CheckYourRateTest"/>
  <testcase name="TC_03_loanAmount_Validation" time="0.502" classname="com.Upgrade.test.CheckYourRateTest"/>
  <testcase name="TC_04_checkYourRate_Validation" time="0.706" classname="com.Upgrade.test.CheckYourRateTest"/>
  <testcase name="TC_20_emailFieldValidation" time="0.983" classname="com.Upgrade.test.CreateAccountTest"/>
  <testcase name="TC_21_passwordFieldValidation" time="0.491" classname="com.Upgrade.test.CreateAccountTest"/>
  <testcase name="TC_05_basicInformation_Validation" time="4.464" classname="com.Upgrade.test.CreateAccountTest"/>
  <testcase name="TC_06_offerPageUrl_Validation" time="3.26" classname="com.Upgrade.test.PayOffOfferTest"/>
  <testcase name="TC_07_signOut_Validation" time="5.521" classname="com.Upgrade.test.PayOffOfferTest"/>
  <testcase name="TC_08_loginUrl_validation" time="1.858" classname="com.Upgrade.test.LoginTest"/>
  <testcase name="TC_09_manadatoryField_Validation" time="0.392" classname="com.Upgrade.test.LoginTest"/>
  <testcase name="TC_10_incorrectField_Validation" time="1.151" classname="com.Upgrade.test.LoginTest"/>
  <testcase name="TC_11_SigninSuccess_Validation" time="3.777" classname="com.Upgrade.test.LoginTest"/>
  <testcase name="TC_12_usrloanAmount_Validation" time="0.098" classname="com.Upgrade.test.PayOffOfferPostLoginTest"/>
  <testcase name="TC_13_usrMonthlyPayment_Validation" time="0.066" classname="com.Upgrade.test.PayOffOfferPostLoginTest"/>
  <testcase name="TC_14_usrLoanTerm" time="0.079" classname="com.Upgrade.test.PayOffOfferPostLoginTest"/>
  <testcase name="TC_15_usrInterestRate_Validation" time="0.087" classname="com.Upgrade.test.PayOffOfferPostLoginTest"/>
  <testcase name="TC_16_usrApr_Validation" time="0.141" classname="com.Upgrade.test.PayOffOfferPostLoginTest"/>
  <testcase name="TC_18_loginAPI_ErrorCodeValidation" time="2.477" classname="com.Upgrade.test.LoginApiTest"/>
  <testcase name="TC_19_loginAPI_AttributeValidation" time="1.022" classname="com.Upgrade.test.LoginApiTest"/>
  <testcase name="TC_17_loginAPI_SuccessCodeValidation" time="0.782" classname="com.Upgrade.test.LoginApiTest"/>
  <testcase name="@AfterSuite tearDownDriver" time="0.0" classname="com.Upgrade.common.BaseTest">
    <ignored/>
  </testcase> <!-- @AfterSuite tearDownDriver -->
  <testcase name="@AfterSuite tearDownDriver" time="0.0" classname="com.Upgrade.common.BaseTest">
    <ignored/>
  </testcase> <!-- @AfterSuite tearDownDriver -->
  <testcase name="@AfterSuite tearDownDriver" time="0.0" classname="com.Upgrade.common.BaseTest">
    <ignored/>
  </testcase> <!-- @AfterSuite tearDownDriver -->
  <testcase name="@AfterSuite tearDownDriver" time="0.0" classname="com.Upgrade.common.BaseTest">
    <ignored/>
  </testcase> <!-- @AfterSuite tearDownDriver -->
  <testcase name="@AfterSuite tearDownDriver" time="0.0" classname="com.Upgrade.common.BaseTest">
    <ignored/>
  </testcase> <!-- @AfterSuite tearDownDriver -->
  <testcase name="@BeforeSuite loadDriver" time="0.0" classname="com.Upgrade.common.BaseTest">
    <ignored/>
  </testcase> <!-- @BeforeSuite loadDriver -->
  <testcase name="@BeforeSuite loadDriver" time="0.0" classname="com.Upgrade.common.BaseTest">
    <ignored/>
  </testcase> <!-- @BeforeSuite loadDriver -->
  <testcase name="@BeforeSuite loadDriver" time="0.0" classname="com.Upgrade.common.BaseTest">
    <ignored/>
  </testcase> <!-- @BeforeSuite loadDriver -->
  <testcase name="@BeforeSuite loadDriver" time="0.0" classname="com.Upgrade.common.BaseTest">
    <ignored/>
  </testcase> <!-- @BeforeSuite loadDriver -->
  <testcase name="@BeforeSuite loadDriver" time="0.0" classname="com.Upgrade.common.BaseTest">
    <ignored/>
  </testcase> <!-- @BeforeSuite loadDriver -->
</testsuite> <!-- Test -->
