<?xml version="1.0" encoding="UTF-8"?>
<testsuite xmlns:xsi="http://www.w3.org/2001/XMLSchema-instance" xsi:noNamespaceSchemaLocation="https://maven.apache.org/surefire/maven-surefire-plugin/xsd/surefire-test-report.xsd" name="TestSuite" time="43.449" tests="21" errors="0" skipped="0" failures="0">
  <properties>
[...]
</properties>
  <testcase name="TC_01_landingPageurlValidation" classname="com.Upgrade.test.CheckYourRateTest" time="6.064"/>
  <testcase name="TC_02_emptyField_Validation" classname="com.Upgrade.test.CheckYourRateTest" time="0.408"/>
  <testcase name="TC_03_loanAmount_Validation" classname="com.Upgrade.test.CheckYourRateTest" time="0.506"/>
  <testcase name="TC_04_checkYourRate_Validation" classname="com.Upgrade.test.CheckYourRateTest" time="0.671"/>
  <testcase name="TC_20_emailFieldValidation" classname="com.Upgrade.test.CreateAccountTest" time="0.949"/>
  <testcase name="TC_21_passwordFieldValidation" classname="com.Upgrade.test.CreateAccountTest" time="0.474"/>
  <testcase name="TC_05_basicInformation_Validation" classname="com.Upgrade.test.CreateAccountTest" time="4.447"/>
  <testcase name="TC_06_offerPageUrl_Validation" classname="com.Upgrade.test.PayOffOfferTest" time="3.25"/>
  <testcase name="TC_07_signOut_Validation" classname="com.Upgrade.test.PayOffOfferTest" time="5.509"/>
  <testcase name="TC_08_loginUrl_validation" classname="com.Upgrade.test.LoginTest" time="1.842"/>
  <testcase name="TC_09_manadatoryField_Validation" classname="com.Upgrade.test.LoginTest" time="0.378"/>
  <testcase name="TC_10_incorrectField_Validation" classname="com.Upgrade.test.LoginTest" time="1.111"/>
  <testcase name="TC_11_SigninSuccess_Validation" classname="com.Upgrade.test.LoginTest" time="3.764"/>
  <testcase name="TC_12_usrloanAmount_Validation" classname="com.Upgrade.test.PayOffOfferPostLoginTest" time="0.089"/>
  <testcase name="TC_13_usrMonthlyPayment_Validation" classname="com.Upgrade.test.PayOffOfferPostLoginTest" time="0.06"/>
  <testcase name="TC_14_usrLoanTerm" classname="com.Upgrade.test.PayOffOfferPostLoginTest" time="0.07"/>
  <testcase name="TC_15_usrInterestRate_Validation" classname="com.Upgrade.test.PayOffOfferPostLoginTest" time="0.081"/>
  <testcase name="TC_16_usrApr_Validation" classname="com.Upgrade.test.PayOffOfferPostLoginTest" time="0.13"/>
  <testcase name="TC_18_loginAPI_ErrorCodeValidation" classname="com.Upgrade.test.LoginApiTest" time="2.463"/>
  <testcase name="TC_19_loginAPI_AttributeValidation" classname="com.Upgrade.test.LoginApiTest" time="0.892"/>
  <testcase name="TC_17_loginAPI_SuccessCodeValidation" classname="com.Upgrade.test.LoginApiTest" time="0.759"/>
</testsuite>